\BOOKMARK [0][-]{chapter.1}{\376\377\000S\000t\000a\000r\000t\000i\000n\000g\000\040\000w\000i\000t\000h\000\040\000B\000a\000m\000b\000o\000o}{}
\BOOKMARK [1][-]{section.1.1}{\376\377\000I\000n\000t\000r\000o\000d\000u\000c\000t\000i\000o\000n}{chapter.1}
\BOOKMARK [1][-]{section.1.2}{\376\377\000I\000n\000s\000t\000a\000l\000l\000a\000t\000i\000o\000n}{chapter.1}
\BOOKMARK [1][-]{section.1.3}{\376\377\000S\000t\000a\000r\000t\000i\000n\000g\000\040\000a\000\040\000n\000e\000w\000\040\000P\000r\000o\000j\000e\000c\000t}{chapter.1}
\BOOKMARK [0][-]{chapter.2}{\376\377\000R\000e\000f\000e\000r\000e\000n\000c\000e\000\040\000L\000i\000s\000t\000s}{}
\BOOKMARK [1][-]{section.2.1}{\376\377\000L\000i\000s\000t\000\040\000o\000f\000\040\000U\000s\000e\000f\000u\000l\000\040\000M\000a\000c\000r\000o\000s}{chapter.2}
\BOOKMARK [1][-]{section.2.2}{\376\377\000P\000o\000s\000i\000t\000i\000o\000n\000i\000n\000g\000,\000\040\000R\000o\000t\000a\000t\000i\000n\000g\000\040\000a\000n\000d\000\040\000M\000o\000v\000i\000n\000g\000\040\000O\000b\000j\000e\000c\000t\000s\000.}{chapter.2}
\BOOKMARK [1][-]{section.2.3}{\376\377\000P\000o\000s\000i\000t\000i\000o\000n\000i\000n\000g\000,\000\040\000R\000o\000t\000a\000t\000i\000n\000g\000\040\000a\000n\000d\000\040\000M\000o\000v\000i\000n\000g\000\040\000T\000h\000e\000\040\000C\000a\000m\000e\000r\000a}{chapter.2}
\BOOKMARK [1][-]{section.2.4}{\376\377\000L\000i\000s\000t\000\040\000o\000f\000\040\000K\000e\000y\000\040\000I\000d\000e\000n\000t\000i\000f\000i\000e\000r\000s}{chapter.2}
\BOOKMARK [1][-]{section.2.5}{\376\377\000E\000n\000g\000i\000n\000e\000\040\000S\000e\000t\000t\000i\000n\000g\000s}{chapter.2}
\BOOKMARK [1][-]{section.2.6}{\376\377\000L\000i\000s\000t\000\040\000o\000f\000\040\000O\000b\000j\000e\000c\000t\000s\000\040\000u\000s\000i\000n\000g\000\040\000o\000r\000\040\000n\000o\000t\000\040\000u\000s\000i\000n\000g\000\040\000t\000h\000e\000\040\000C\000r\000e\000a\000t\000e\000\040\000M\000a\000c\000r\000o\000.}{chapter.2}
\BOOKMARK [1][-]{section.2.7}{\376\377\000O\000p\000t\000i\000m\000i\000s\000a\000t\000i\000o\000n\000\040\000T\000e\000c\000h\000n\000i\000q\000u\000e\000s}{chapter.2}
\BOOKMARK [1][-]{section.2.8}{\376\377\000C\000o\000m\000m\000o\000n\000\040\000M\000i\000s\000t\000a\000k\000e\000s}{chapter.2}
\BOOKMARK [0][-]{chapter.3}{\376\377\000B\000a\000s\000i\000c\000\040\000P\000r\000o\000g\000r\000a\000m\000m\000i\000n\000g\000\040\000C\000o\000n\000c\000e\000p\000t\000s}{}
\BOOKMARK [1][-]{section.3.1}{\376\377\000G\000l\000o\000s\000s\000a\000r\000y\000\040\000o\000f\000\040\000J\000a\000r\000g\000o\000n}{chapter.3}
\BOOKMARK [1][-]{section.3.2}{\376\377\000O\000v\000e\000r\000v\000i\000e\000w\000\040\000C\000+\000+}{chapter.3}
\BOOKMARK [1][-]{section.3.3}{\376\377\000V\000a\000r\000i\000a\000b\000l\000e\000s}{chapter.3}
\BOOKMARK [1][-]{section.3.4}{\376\377\000P\000o\000i\000n\000t\000e\000r\000s}{chapter.3}
\BOOKMARK [1][-]{section.3.5}{\376\377\000F\000u\000n\000c\000t\000i\000o\000n\000s}{chapter.3}
\BOOKMARK [1][-]{section.3.6}{\376\377\000O\000p\000e\000r\000a\000t\000o\000r\000s}{chapter.3}
\BOOKMARK [1][-]{section.3.7}{\376\377\000B\000l\000o\000c\000k\000s}{chapter.3}
\BOOKMARK [1][-]{section.3.8}{\376\377\000C\000o\000n\000d\000i\000t\000i\000o\000n\000a\000l\000s}{chapter.3}
\BOOKMARK [1][-]{section.3.9}{\376\377\000L\000o\000o\000p\000s}{chapter.3}
\BOOKMARK [1][-]{section.3.10}{\376\377\000C\000l\000a\000s\000s\000e\000s}{chapter.3}
\BOOKMARK [0][-]{chapter.4}{\376\377\000U\000s\000i\000n\000g\000\040\000B\000a\000m\000b\000o\000o}{}
\BOOKMARK [1][-]{section.4.1}{\376\377\000O\000v\000e\000r\000v\000i\000e\000w\000\040\000o\000f\000\040\000B\000a\000m\000b\000o\000o}{chapter.4}
\BOOKMARK [1][-]{section.4.2}{\376\377\000T\000h\000e\000\040\000K\000e\000r\000n\000e\000l}{chapter.4}
\BOOKMARK [1][-]{section.4.3}{\376\377\000Y\000o\000u\000r\000\040\000F\000i\000r\000s\000t\000\040\000P\000r\000o\000c\000e\000s\000s}{chapter.4}
\BOOKMARK [1][-]{section.4.4}{\376\377\000H\000o\000w\000\040\000t\000o\000\040\000u\000s\000e\000\040\000P\000r\000o\000c\000e\000s\000s\000\040\000O\000b\000j\000e\000c\000t\000s}{chapter.4}
\BOOKMARK [1][-]{section.4.5}{\376\377\000H\000o\000w\000\040\000t\000o\000\040\000u\000s\000e\000\040\000R\000e\000n\000d\000e\000r\000\040\000O\000b\000j\000e\000c\000t\000s}{chapter.4}
\BOOKMARK [1][-]{section.4.6}{\376\377\000T\000e\000x\000t\000u\000r\000i\000n\000g\000\040\000O\000b\000j\000e\000c\000t\000s}{chapter.4}
\BOOKMARK [1][-]{section.4.7}{\376\377\000L\000o\000a\000d\000i\000n\000g\000\040\000a\000n\000d\000\040\000A\000c\000c\000e\000s\000s\000i\000n\000g\000\040\000F\000i\000l\000e\000s}{chapter.4}
\BOOKMARK [1][-]{section.4.8}{\376\377\000A\000c\000c\000e\000s\000s\000i\000n\000g\000\040\000U\000s\000e\000r\000\040\000I\000n\000p\000u\000t\000s}{chapter.4}
\BOOKMARK [1][-]{section.4.9}{\376\377\000U\000s\000i\000n\000g\000\040\000t\000h\000e\000\040\000A\000u\000d\000i\000o\000\040\000S\000y\000s\000t\000e\000m}{chapter.4}
\BOOKMARK [1][-]{section.4.10}{\376\377\000S\000i\000g\000n\000a\000l\000s\000\040\000a\000n\000d\000\040\000F\000l\000a\000g\000s}{chapter.4}
\BOOKMARK [1][-]{section.4.11}{\376\377\000D\000e\000t\000e\000c\000t\000i\000n\000g\000\040\000C\000o\000l\000l\000i\000s\000i\000o\000n\000s}{chapter.4}
\BOOKMARK [1][-]{section.4.12}{\376\377\000C\000r\000e\000a\000t\000i\000n\000g\000\040\000L\000o\000c\000a\000l\000\040\000C\000o\000-\000o\000r\000d\000i\000n\000a\000t\000e\000\040\000s\000y\000s\000t\000e\000m\000s}{chapter.4}
\BOOKMARK [1][-]{section.4.13}{\376\377\000M\000u\000l\000t\000i\000p\000l\000e\000\040\000C\000a\000m\000e\000r\000a\000s\000\040\000a\000n\000d\000\040\000V\000i\000e\000w\000p\000o\000r\000t\000s}{chapter.4}
\BOOKMARK [1][-]{section.4.14}{\376\377\000I\000M\000F\000\040\000F\000i\000l\000e\000\040\000G\000e\000n\000e\000r\000a\000t\000i\000o\000n\000\040\000a\000n\000d\000\040\000U\000s\000a\000g\000e}{chapter.4}
\BOOKMARK [2][-]{subsection.4.14.1}{\376\377\000U\000s\000i\000n\000g\000\040\000t\000h\000e\000\040\000I\000M\000F\000\040\000H\000a\000n\000d\000l\000e\000r\000\040\000:}{section.4.14}
\BOOKMARK [2][-]{subsection.4.14.2}{\376\377\000U\000s\000i\000n\000g\000\040\000t\000h\000e\000\040\000I\000M\000F\000\040\000H\000a\000n\000d\000l\000e\000r\000\040\000C\000o\000n\000t\000r\000o\000l\000s\000\040\000:}{section.4.14}
\BOOKMARK [2][-]{subsection.4.14.3}{\376\377\000I\000M\000F\000\040\000H\000a\000n\000d\000l\000e\000r\000\040\000S\000e\000t\000t\000i\000n\000g\000s\000\040\000:}{section.4.14}
\BOOKMARK [2][-]{subsection.4.14.4}{\376\377\000S\000p\000e\000c\000i\000f\000i\000c\000s\000\040\000o\000f\000\040\000m\000e\000d\000i\000a\000\040\000t\000y\000p\000e\000s\000\040\000:}{section.4.14}
\BOOKMARK [0][-]{chapter.5}{\376\377\000E\000x\000a\000m\000p\000l\000e\000s\000\040\000o\000f\000\040\000G\000a\000m\000e\000s\000\040\000C\000o\000d\000e}{}
\BOOKMARK [1][-]{section.5.1}{\376\377\000E\000x\000a\000m\000p\000l\000e\000\040\000o\000f\000\040\000a\000\040\000b\000o\000u\000n\000c\000i\000n\000g\000\040\000b\000a\000l\000l\000.}{chapter.5}
\BOOKMARK [1][-]{section.5.2}{\376\377\000E\000x\000a\000m\000p\000l\000e\000\040\000o\000f\000\040\000a\000\040\000b\000a\000l\000l\000\040\000b\000o\000u\000n\000c\000i\000n\000g\000\040\000i\000n\000\040\0003\000\040\000D\000i\000m\000e\000n\000s\000i\000o\000n\000s\000.}{chapter.5}
\BOOKMARK [1][-]{section.5.3}{\376\377\000E\000x\000a\000m\000p\000l\000e\000\040\000o\000f\000\040\000a\000\040\000b\000o\000u\000n\000c\000i\000n\000g\000\040\000b\000a\000l\000l\000\040\000w\000i\000t\000h\000\040\000a\000\040\000b\000o\000u\000n\000c\000e\000\040\000s\000o\000u\000n\000d\000.}{chapter.5}
\BOOKMARK [1][-]{section.5.4}{\376\377\000M\000a\000k\000i\000n\000g\000\040\000t\000h\000e\000\040\000c\000a\000m\000e\000r\000a\000\040\000c\000o\000n\000t\000r\000o\000l\000l\000a\000b\000l\000e\000.\000\040\000A\000d\000d\000i\000n\000g\000\040\000b\000u\000l\000l\000e\000t\000s\000.}{chapter.5}
\BOOKMARK [1][-]{section.5.5}{\376\377\000E\000x\000a\000m\000p\000l\000e\000\040\000w\000i\000t\000h\000\040\000B\000u\000l\000l\000e\000t\000\040\000a\000n\000d\000\040\000B\000a\000l\000l\000\040\000c\000o\000l\000l\000i\000s\000i\000o\000n\000s\000.}{chapter.5}
\BOOKMARK [1][-]{section.5.6}{\376\377\000E\000x\000a\000m\000p\000l\000e\000\040\000w\000i\000t\000h\000\040\000a\000\040\000c\000o\000n\000t\000i\000n\000u\000a\000l\000\040\000s\000u\000p\000p\000l\000y\000\040\000o\000f\000\040\000b\000a\000l\000l\000s\000.}{chapter.5}
\BOOKMARK [1][-]{section.5.7}{\376\377\000P\000r\000e\000v\000i\000o\000u\000s\000\040\000E\000x\000a\000m\000p\000l\000e\000\040\000w\000i\000t\000h\000o\000u\000t\000\040\000c\000o\000m\000m\000e\000n\000t\000s}{chapter.5}
\BOOKMARK [0][-]{chapter.6}{\376\377\000N\000a\000m\000e\000s\000p\000a\000c\000e\000\040\000I\000n\000d\000e\000x}{}
\BOOKMARK [1][-]{section.6.1}{\376\377\000N\000a\000m\000e\000s\000p\000a\000c\000e\000\040\000L\000i\000s\000t}{chapter.6}
\BOOKMARK [0][-]{chapter.7}{\376\377\000C\000l\000a\000s\000s\000\040\000I\000n\000d\000e\000x}{}
\BOOKMARK [1][-]{section.7.1}{\376\377\000C\000l\000a\000s\000s\000\040\000H\000i\000e\000r\000a\000r\000c\000h\000y}{chapter.7}
\BOOKMARK [0][-]{chapter.8}{\376\377\000C\000l\000a\000s\000s\000\040\000I\000n\000d\000e\000x}{}
\BOOKMARK [1][-]{section.8.1}{\376\377\000C\000l\000a\000s\000s\000\040\000L\000i\000s\000t}{chapter.8}
\BOOKMARK [0][-]{chapter.9}{\376\377\000N\000a\000m\000e\000s\000p\000a\000c\000e\000\040\000D\000o\000c\000u\000m\000e\000n\000t\000a\000t\000i\000o\000n}{}
\BOOKMARK [1][-]{section.9.1}{\376\377\000c\000I\000M\000F\000\040\000N\000a\000m\000e\000s\000p\000a\000c\000e\000\040\000R\000e\000f\000e\000r\000e\000n\000c\000e}{chapter.9}
\BOOKMARK [2][-]{subsection.9.1.1}{\376\377\000D\000e\000t\000a\000i\000l\000e\000d\000\040\000D\000e\000s\000c\000r\000i\000p\000t\000i\000o\000n}{section.9.1}
\BOOKMARK [0][-]{chapter.10}{\376\377\000C\000l\000a\000s\000s\000\040\000D\000o\000c\000u\000m\000e\000n\000t\000a\000t\000i\000o\000n}{}
\BOOKMARK [1][-]{section.10.1}{\376\377\000c\0002\000D\000V\000t\000<\000\040\000T\000y\000p\000e\000\040\000>\000\040\000C\000l\000a\000s\000s\000\040\000T\000e\000m\000p\000l\000a\000t\000e\000\040\000R\000e\000f\000e\000r\000e\000n\000c\000e}{chapter.10}
\BOOKMARK [2][-]{subsection.10.1.1}{\376\377\000D\000e\000t\000a\000i\000l\000e\000d\000\040\000D\000e\000s\000c\000r\000i\000p\000t\000i\000o\000n}{section.10.1}
\BOOKMARK [1][-]{section.10.2}{\376\377\000c\0003\000D\000V\000t\000<\000\040\000T\000y\000p\000e\000\040\000>\000\040\000C\000l\000a\000s\000s\000\040\000T\000e\000m\000p\000l\000a\000t\000e\000\040\000R\000e\000f\000e\000r\000e\000n\000c\000e}{chapter.10}
\BOOKMARK [2][-]{subsection.10.2.1}{\376\377\000D\000e\000t\000a\000i\000l\000e\000d\000\040\000D\000e\000s\000c\000r\000i\000p\000t\000i\000o\000n}{section.10.2}
\BOOKMARK [1][-]{section.10.3}{\376\377\000c\0004\000D\000V\000t\000<\000\040\000T\000y\000p\000e\000\040\000>\000\040\000C\000l\000a\000s\000s\000\040\000T\000e\000m\000p\000l\000a\000t\000e\000\040\000R\000e\000f\000e\000r\000e\000n\000c\000e}{chapter.10}
\BOOKMARK [2][-]{subsection.10.3.1}{\376\377\000D\000e\000t\000a\000i\000l\000e\000d\000\040\000D\000e\000s\000c\000r\000i\000p\000t\000i\000o\000n}{section.10.3}
\BOOKMARK [1][-]{section.10.4}{\376\377\000c\000A\000s\000t\000e\000r\000o\000i\000d\000\040\000C\000l\000a\000s\000s\000\040\000R\000e\000f\000e\000r\000e\000n\000c\000e}{chapter.10}
\BOOKMARK [2][-]{subsection.10.4.1}{\376\377\000D\000e\000t\000a\000i\000l\000e\000d\000\040\000D\000e\000s\000c\000r\000i\000p\000t\000i\000o\000n}{section.10.4}
\BOOKMARK [2][-]{subsection.10.4.2}{\376\377\000C\000o\000n\000s\000t\000r\000u\000c\000t\000o\000r\000\040\000\046\000\040\000D\000e\000s\000t\000r\000u\000c\000t\000o\000r\000\040\000D\000o\000c\000u\000m\000e\000n\000t\000a\000t\000i\000o\000n}{section.10.4}
\BOOKMARK [3][-]{subsubsection.10.4.2.1}{\376\377\000c\000A\000s\000t\000e\000r\000o\000i\000d}{subsection.10.4.2}
\BOOKMARK [3][-]{subsubsection.10.4.2.2}{\376\377\000c\000A\000s\000t\000e\000r\000o\000i\000d}{subsection.10.4.2}
\BOOKMARK [1][-]{section.10.5}{\376\377\000c\000A\000t\000t\000r\000i\000b\000u\000t\000e\000A\000r\000r\000a\000y\0001\000\040\000C\000l\000a\000s\000s\000\040\000R\000e\000f\000e\000r\000e\000n\000c\000e}{chapter.10}
\BOOKMARK [2][-]{subsection.10.5.1}{\376\377\000D\000e\000t\000a\000i\000l\000e\000d\000\040\000D\000e\000s\000c\000r\000i\000p\000t\000i\000o\000n}{section.10.5}
\BOOKMARK [1][-]{section.10.6}{\376\377\000c\000A\000t\000t\000r\000i\000b\000u\000t\000e\000A\000r\000r\000a\000y\0002\000\040\000C\000l\000a\000s\000s\000\040\000R\000e\000f\000e\000r\000e\000n\000c\000e}{chapter.10}
\BOOKMARK [2][-]{subsection.10.6.1}{\376\377\000D\000e\000t\000a\000i\000l\000e\000d\000\040\000D\000e\000s\000c\000r\000i\000p\000t\000i\000o\000n}{section.10.6}
\BOOKMARK [1][-]{section.10.7}{\376\377\000c\000A\000t\000t\000r\000i\000b\000u\000t\000e\000A\000r\000r\000a\000y\0003\000\040\000C\000l\000a\000s\000s\000\040\000R\000e\000f\000e\000r\000e\000n\000c\000e}{chapter.10}
\BOOKMARK [2][-]{subsection.10.7.1}{\376\377\000D\000e\000t\000a\000i\000l\000e\000d\000\040\000D\000e\000s\000c\000r\000i\000p\000t\000i\000o\000n}{section.10.7}
\BOOKMARK [1][-]{section.10.8}{\376\377\000c\000A\000t\000t\000r\000i\000b\000u\000t\000e\000A\000r\000r\000a\000y\0004\000\040\000C\000l\000a\000s\000s\000\040\000R\000e\000f\000e\000r\000e\000n\000c\000e}{chapter.10}
\BOOKMARK [2][-]{subsection.10.8.1}{\376\377\000D\000e\000t\000a\000i\000l\000e\000d\000\040\000D\000e\000s\000c\000r\000i\000p\000t\000i\000o\000n}{section.10.8}
\BOOKMARK [1][-]{section.10.9}{\376\377\000c\000A\000t\000t\000r\000i\000b\000u\000t\000e\000B\000o\000o\000l\000e\000a\000n\000A\000r\000r\000a\000y\0001\000\040\000C\000l\000a\000s\000s\000\040\000R\000e\000f\000e\000r\000e\000n\000c\000e}{chapter.10}
\BOOKMARK [2][-]{subsection.10.9.1}{\376\377\000D\000e\000t\000a\000i\000l\000e\000d\000\040\000D\000e\000s\000c\000r\000i\000p\000t\000i\000o\000n}{section.10.9}
\BOOKMARK [1][-]{section.10.10}{\376\377\000c\000A\000t\000t\000r\000i\000b\000u\000t\000e\000B\000o\000o\000l\000e\000a\000n\000A\000r\000r\000a\000y\0002\000\040\000C\000l\000a\000s\000s\000\040\000R\000e\000f\000e\000r\000e\000n\000c\000e}{chapter.10}
\BOOKMARK [2][-]{subsection.10.10.1}{\376\377\000D\000e\000t\000a\000i\000l\000e\000d\000\040\000D\000e\000s\000c\000r\000i\000p\000t\000i\000o\000n}{section.10.10}
\BOOKMARK [1][-]{section.10.11}{\376\377\000c\000A\000t\000t\000r\000i\000b\000u\000t\000e\000B\000o\000o\000l\000e\000a\000n\000A\000r\000r\000a\000y\0003\000\040\000C\000l\000a\000s\000s\000\040\000R\000e\000f\000e\000r\000e\000n\000c\000e}{chapter.10}
\BOOKMARK [2][-]{subsection.10.11.1}{\376\377\000D\000e\000t\000a\000i\000l\000e\000d\000\040\000D\000e\000s\000c\000r\000i\000p\000t\000i\000o\000n}{section.10.11}
\BOOKMARK [1][-]{section.10.12}{\376\377\000c\000A\000t\000t\000r\000i\000b\000u\000t\000e\000B\000o\000o\000l\000e\000a\000n\000A\000r\000r\000a\000y\0004\000\040\000C\000l\000a\000s\000s\000\040\000R\000e\000f\000e\000r\000e\000n\000c\000e}{chapter.10}
\BOOKMARK [2][-]{subsection.10.12.1}{\376\377\000D\000e\000t\000a\000i\000l\000e\000d\000\040\000D\000e\000s\000c\000r\000i\000p\000t\000i\000o\000n}{section.10.12}
\BOOKMARK [1][-]{section.10.13}{\376\377\000c\000A\000t\000t\000r\000i\000b\000u\000t\000e\000D\000a\000t\000a\000<\000\040\000t\000T\000y\000p\000e\000\040\000>\000\040\000C\000l\000a\000s\000s\000\040\000T\000e\000m\000p\000l\000a\000t\000e\000\040\000R\000e\000f\000e\000r\000e\000n\000c\000e}{chapter.10}
\BOOKMARK [2][-]{subsection.10.13.1}{\376\377\000D\000e\000t\000a\000i\000l\000e\000d\000\040\000D\000e\000s\000c\000r\000i\000p\000t\000i\000o\000n}{section.10.13}
\BOOKMARK [1][-]{section.10.14}{\376\377\000c\000A\000t\000t\000r\000i\000b\000u\000t\000e\000I\000n\000t\000A\000r\000r\000a\000y\0001\000\040\000C\000l\000a\000s\000s\000\040\000R\000e\000f\000e\000r\000e\000n\000c\000e}{chapter.10}
\BOOKMARK [2][-]{subsection.10.14.1}{\376\377\000D\000e\000t\000a\000i\000l\000e\000d\000\040\000D\000e\000s\000c\000r\000i\000p\000t\000i\000o\000n}{section.10.14}
\BOOKMARK [1][-]{section.10.15}{\376\377\000c\000A\000t\000t\000r\000i\000b\000u\000t\000e\000I\000n\000t\000A\000r\000r\000a\000y\0002\000\040\000C\000l\000a\000s\000s\000\040\000R\000e\000f\000e\000r\000e\000n\000c\000e}{chapter.10}
\BOOKMARK [2][-]{subsection.10.15.1}{\376\377\000D\000e\000t\000a\000i\000l\000e\000d\000\040\000D\000e\000s\000c\000r\000i\000p\000t\000i\000o\000n}{section.10.15}
\BOOKMARK [1][-]{section.10.16}{\376\377\000c\000A\000t\000t\000r\000i\000b\000u\000t\000e\000I\000n\000t\000A\000r\000r\000a\000y\0003\000\040\000C\000l\000a\000s\000s\000\040\000R\000e\000f\000e\000r\000e\000n\000c\000e}{chapter.10}
\BOOKMARK [2][-]{subsection.10.16.1}{\376\377\000D\000e\000t\000a\000i\000l\000e\000d\000\040\000D\000e\000s\000c\000r\000i\000p\000t\000i\000o\000n}{section.10.16}
\BOOKMARK [1][-]{section.10.17}{\376\377\000c\000A\000t\000t\000r\000i\000b\000u\000t\000e\000I\000n\000t\000A\000r\000r\000a\000y\0004\000\040\000C\000l\000a\000s\000s\000\040\000R\000e\000f\000e\000r\000e\000n\000c\000e}{chapter.10}
\BOOKMARK [2][-]{subsection.10.17.1}{\376\377\000D\000e\000t\000a\000i\000l\000e\000d\000\040\000D\000e\000s\000c\000r\000i\000p\000t\000i\000o\000n}{section.10.17}
\BOOKMARK [1][-]{section.10.18}{\376\377\000c\000A\000t\000t\000r\000i\000b\000u\000t\000e\000S\000t\000o\000r\000e\000\040\000C\000l\000a\000s\000s\000\040\000R\000e\000f\000e\000r\000e\000n\000c\000e}{chapter.10}
\BOOKMARK [2][-]{subsection.10.18.1}{\376\377\000D\000e\000t\000a\000i\000l\000e\000d\000\040\000D\000e\000s\000c\000r\000i\000p\000t\000i\000o\000n}{section.10.18}
\BOOKMARK [1][-]{section.10.19}{\376\377\000c\000A\000u\000d\000i\000o\000B\000u\000f\000f\000e\000r\000\040\000C\000l\000a\000s\000s\000\040\000R\000e\000f\000e\000r\000e\000n\000c\000e}{chapter.10}
\BOOKMARK [2][-]{subsection.10.19.1}{\376\377\000D\000e\000t\000a\000i\000l\000e\000d\000\040\000D\000e\000s\000c\000r\000i\000p\000t\000i\000o\000n}{section.10.19}
\BOOKMARK [1][-]{section.10.20}{\376\377\000c\000A\000u\000d\000i\000o\000D\000e\000v\000i\000c\000e\000\040\000C\000l\000a\000s\000s\000\040\000R\000e\000f\000e\000r\000e\000n\000c\000e}{chapter.10}
\BOOKMARK [2][-]{subsection.10.20.1}{\376\377\000D\000e\000t\000a\000i\000l\000e\000d\000\040\000D\000e\000s\000c\000r\000i\000p\000t\000i\000o\000n}{section.10.20}
\BOOKMARK [1][-]{section.10.21}{\376\377\000c\000A\000u\000d\000i\000o\000L\000i\000s\000t\000e\000n\000e\000r\000\040\000C\000l\000a\000s\000s\000\040\000R\000e\000f\000e\000r\000e\000n\000c\000e}{chapter.10}
\BOOKMARK [2][-]{subsection.10.21.1}{\376\377\000D\000e\000t\000a\000i\000l\000e\000d\000\040\000D\000e\000s\000c\000r\000i\000p\000t\000i\000o\000n}{section.10.21}
\BOOKMARK [1][-]{section.10.22}{\376\377\000c\000A\000u\000d\000i\000o\000O\000b\000j\000e\000c\000t\000\040\000C\000l\000a\000s\000s\000\040\000R\000e\000f\000e\000r\000e\000n\000c\000e}{chapter.10}
\BOOKMARK [2][-]{subsection.10.22.1}{\376\377\000D\000e\000t\000a\000i\000l\000e\000d\000\040\000D\000e\000s\000c\000r\000i\000p\000t\000i\000o\000n}{section.10.22}
\BOOKMARK [1][-]{section.10.23}{\376\377\000c\000B\000e\000a\000m\000C\000o\000l\000l\000i\000s\000i\000o\000n\000\040\000C\000l\000a\000s\000s\000\040\000R\000e\000f\000e\000r\000e\000n\000c\000e}{chapter.10}
\BOOKMARK [2][-]{subsection.10.23.1}{\376\377\000D\000e\000t\000a\000i\000l\000e\000d\000\040\000D\000e\000s\000c\000r\000i\000p\000t\000i\000o\000n}{section.10.23}
\BOOKMARK [1][-]{section.10.24}{\376\377\000c\000B\000e\000a\000m\000M\000e\000s\000h\000\040\000C\000l\000a\000s\000s\000\040\000R\000e\000f\000e\000r\000e\000n\000c\000e}{chapter.10}
\BOOKMARK [2][-]{subsection.10.24.1}{\376\377\000D\000e\000t\000a\000i\000l\000e\000d\000\040\000D\000e\000s\000c\000r\000i\000p\000t\000i\000o\000n}{section.10.24}
\BOOKMARK [1][-]{section.10.25}{\376\377\000c\000B\000o\000o\000l\000e\000a\000n\000A\000t\000t\000r\000i\000b\000u\000t\000e\000S\000t\000o\000r\000e\000\040\000C\000l\000a\000s\000s\000\040\000R\000e\000f\000e\000r\000e\000n\000c\000e}{chapter.10}
\BOOKMARK [2][-]{subsection.10.25.1}{\376\377\000D\000e\000t\000a\000i\000l\000e\000d\000\040\000D\000e\000s\000c\000r\000i\000p\000t\000i\000o\000n}{section.10.25}
\BOOKMARK [1][-]{section.10.26}{\376\377\000c\000B\000o\000o\000l\000e\000a\000n\000U\000n\000i\000f\000o\000r\000m\000S\000t\000o\000r\000e\000\040\000C\000l\000a\000s\000s\000\040\000R\000e\000f\000e\000r\000e\000n\000c\000e}{chapter.10}
\BOOKMARK [2][-]{subsection.10.26.1}{\376\377\000D\000e\000t\000a\000i\000l\000e\000d\000\040\000D\000e\000s\000c\000r\000i\000p\000t\000i\000o\000n}{section.10.26}
\BOOKMARK [1][-]{section.10.27}{\376\377\000c\000B\000u\000t\000t\000o\000n\000\040\000C\000l\000a\000s\000s\000\040\000R\000e\000f\000e\000r\000e\000n\000c\000e}{chapter.10}
\BOOKMARK [2][-]{subsection.10.27.1}{\376\377\000D\000e\000t\000a\000i\000l\000e\000d\000\040\000D\000e\000s\000c\000r\000i\000p\000t\000i\000o\000n}{section.10.27}
\BOOKMARK [1][-]{section.10.28}{\376\377\000c\000B\000u\000t\000t\000o\000n\000B\000a\000s\000e\000\040\000C\000l\000a\000s\000s\000\040\000R\000e\000f\000e\000r\000e\000n\000c\000e}{chapter.10}
\BOOKMARK [2][-]{subsection.10.28.1}{\376\377\000D\000e\000t\000a\000i\000l\000e\000d\000\040\000D\000e\000s\000c\000r\000i\000p\000t\000i\000o\000n}{section.10.28}
\BOOKMARK [1][-]{section.10.29}{\376\377\000c\000C\000a\000m\000e\000r\000a\000\040\000C\000l\000a\000s\000s\000\040\000R\000e\000f\000e\000r\000e\000n\000c\000e}{chapter.10}
\BOOKMARK [2][-]{subsection.10.29.1}{\376\377\000D\000e\000t\000a\000i\000l\000e\000d\000\040\000D\000e\000s\000c\000r\000i\000p\000t\000i\000o\000n}{section.10.29}
\BOOKMARK [1][-]{section.10.30}{\376\377\000c\000C\000a\000m\000e\000r\000a\000H\000a\000n\000d\000l\000e\000r\000\040\000C\000l\000a\000s\000s\000\040\000R\000e\000f\000e\000r\000e\000n\000c\000e}{chapter.10}
\BOOKMARK [2][-]{subsection.10.30.1}{\376\377\000D\000e\000t\000a\000i\000l\000e\000d\000\040\000D\000e\000s\000c\000r\000i\000p\000t\000i\000o\000n}{section.10.30}
\BOOKMARK [1][-]{section.10.31}{\376\377\000c\000C\000a\000m\000e\000r\000a\000M\000a\000t\000r\000i\000x\0004\000\040\000C\000l\000a\000s\000s\000\040\000R\000e\000f\000e\000r\000e\000n\000c\000e}{chapter.10}
\BOOKMARK [2][-]{subsection.10.31.1}{\376\377\000D\000e\000t\000a\000i\000l\000e\000d\000\040\000D\000e\000s\000c\000r\000i\000p\000t\000i\000o\000n}{section.10.31}
\BOOKMARK [1][-]{section.10.32}{\376\377\000c\000C\000l\000u\000s\000t\000e\000r\000\040\000C\000l\000a\000s\000s\000\040\000R\000e\000f\000e\000r\000e\000n\000c\000e}{chapter.10}
\BOOKMARK [2][-]{subsection.10.32.1}{\376\377\000D\000e\000t\000a\000i\000l\000e\000d\000\040\000D\000e\000s\000c\000r\000i\000p\000t\000i\000o\000n}{section.10.32}
\BOOKMARK [1][-]{section.10.33}{\376\377\000c\000C\000o\000l\000l\000i\000s\000i\000o\000n\000H\000a\000n\000d\000l\000e\000r\000\040\000C\000l\000a\000s\000s\000\040\000R\000e\000f\000e\000r\000e\000n\000c\000e}{chapter.10}
\BOOKMARK [2][-]{subsection.10.33.1}{\376\377\000D\000e\000t\000a\000i\000l\000e\000d\000\040\000D\000e\000s\000c\000r\000i\000p\000t\000i\000o\000n}{section.10.33}
\BOOKMARK [1][-]{section.10.34}{\376\377\000c\000C\000o\000l\000l\000i\000s\000i\000o\000n\000L\000i\000s\000t\000\040\000C\000l\000a\000s\000s\000\040\000R\000e\000f\000e\000r\000e\000n\000c\000e}{chapter.10}
\BOOKMARK [2][-]{subsection.10.34.1}{\376\377\000D\000e\000t\000a\000i\000l\000e\000d\000\040\000D\000e\000s\000c\000r\000i\000p\000t\000i\000o\000n}{section.10.34}
\BOOKMARK [1][-]{section.10.35}{\376\377\000c\000C\000o\000l\000l\000i\000s\000i\000o\000n\000L\000i\000s\000t\000O\000b\000j\000e\000c\000t\000\040\000C\000l\000a\000s\000s\000\040\000R\000e\000f\000e\000r\000e\000n\000c\000e}{chapter.10}
\BOOKMARK [2][-]{subsection.10.35.1}{\376\377\000D\000e\000t\000a\000i\000l\000e\000d\000\040\000D\000e\000s\000c\000r\000i\000p\000t\000i\000o\000n}{section.10.35}
\BOOKMARK [1][-]{section.10.36}{\376\377\000c\000C\000o\000l\000l\000i\000s\000i\000o\000n\000O\000b\000j\000e\000c\000t\000\040\000C\000l\000a\000s\000s\000\040\000R\000e\000f\000e\000r\000e\000n\000c\000e}{chapter.10}
\BOOKMARK [2][-]{subsection.10.36.1}{\376\377\000D\000e\000t\000a\000i\000l\000e\000d\000\040\000D\000e\000s\000c\000r\000i\000p\000t\000i\000o\000n}{section.10.36}
\BOOKMARK [2][-]{subsection.10.36.2}{\376\377\000M\000e\000m\000b\000e\000r\000\040\000F\000u\000n\000c\000t\000i\000o\000n\000\040\000D\000o\000c\000u\000m\000e\000n\000t\000a\000t\000i\000o\000n}{section.10.36}
\BOOKMARK [3][-]{subsubsection.10.36.2.1}{\376\377\000C\000h\000e\000c\000k\000C\000o\000l\000l\000i\000s\000i\000o\000n}{subsection.10.36.2}
\BOOKMARK [3][-]{subsubsection.10.36.2.2}{\376\377\000C\000h\000e\000c\000k\000C\000o\000l\000l\000i\000s\000i\000o\000n\000D\000e\000t\000a\000i\000l}{subsection.10.36.2}
\BOOKMARK [3][-]{subsubsection.10.36.2.3}{\376\377\000S\000e\000t\000L\000i\000n\000k}{subsection.10.36.2}
\BOOKMARK [3][-]{subsubsection.10.36.2.4}{\376\377\000T\000o\000u\000c\000h\000C\000o\000l\000l\000i\000s\000i\000o\000n}{subsection.10.36.2}
\BOOKMARK [1][-]{section.10.37}{\376\377\000c\000C\000o\000m\000p\000o\000u\000n\000d\000C\000o\000l\000l\000i\000s\000i\000o\000n\000\040\000C\000l\000a\000s\000s\000\040\000R\000e\000f\000e\000r\000e\000n\000c\000e}{chapter.10}
\BOOKMARK [2][-]{subsection.10.37.1}{\376\377\000D\000e\000t\000a\000i\000l\000e\000d\000\040\000D\000e\000s\000c\000r\000i\000p\000t\000i\000o\000n}{section.10.37}
\BOOKMARK [1][-]{section.10.38}{\376\377\000c\000C\000o\000m\000p\000o\000u\000n\000d\000C\000o\000l\000l\000i\000s\000i\000o\000n\000N\000o\000d\000e\000\040\000C\000l\000a\000s\000s\000\040\000R\000e\000f\000e\000r\000e\000n\000c\000e}{chapter.10}
\BOOKMARK [2][-]{subsection.10.38.1}{\376\377\000D\000e\000t\000a\000i\000l\000e\000d\000\040\000D\000e\000s\000c\000r\000i\000p\000t\000i\000o\000n}{section.10.38}
\BOOKMARK [1][-]{section.10.39}{\376\377\000c\000D\000y\000n\000a\000m\000i\000c\000T\000e\000x\000t\000u\000r\000e\000\040\000C\000l\000a\000s\000s\000\040\000R\000e\000f\000e\000r\000e\000n\000c\000e}{chapter.10}
\BOOKMARK [2][-]{subsection.10.39.1}{\376\377\000D\000e\000t\000a\000i\000l\000e\000d\000\040\000D\000e\000s\000c\000r\000i\000p\000t\000i\000o\000n}{section.10.39}
\BOOKMARK [1][-]{section.10.40}{\376\377\000c\000E\000m\000p\000t\000y\000T\000e\000x\000t\000u\000r\000e\000\040\000C\000l\000a\000s\000s\000\040\000R\000e\000f\000e\000r\000e\000n\000c\000e}{chapter.10}
\BOOKMARK [2][-]{subsection.10.40.1}{\376\377\000D\000e\000t\000a\000i\000l\000e\000d\000\040\000D\000e\000s\000c\000r\000i\000p\000t\000i\000o\000n}{section.10.40}
\BOOKMARK [1][-]{section.10.41}{\376\377\000c\000E\000v\000e\000n\000t\000H\000a\000n\000d\000l\000e\000r\000\040\000C\000l\000a\000s\000s\000\040\000R\000e\000f\000e\000r\000e\000n\000c\000e}{chapter.10}
\BOOKMARK [2][-]{subsection.10.41.1}{\376\377\000D\000e\000t\000a\000i\000l\000e\000d\000\040\000D\000e\000s\000c\000r\000i\000p\000t\000i\000o\000n}{section.10.41}
\BOOKMARK [1][-]{section.10.42}{\376\377\000c\000F\000a\000c\000e\000\040\000C\000l\000a\000s\000s\000\040\000R\000e\000f\000e\000r\000e\000n\000c\000e}{chapter.10}
\BOOKMARK [2][-]{subsection.10.42.1}{\376\377\000D\000e\000t\000a\000i\000l\000e\000d\000\040\000D\000e\000s\000c\000r\000i\000p\000t\000i\000o\000n}{section.10.42}
\BOOKMARK [1][-]{section.10.43}{\376\377\000c\000F\000i\000l\000e\000\040\000C\000l\000a\000s\000s\000\040\000R\000e\000f\000e\000r\000e\000n\000c\000e}{chapter.10}
\BOOKMARK [2][-]{subsection.10.43.1}{\376\377\000D\000e\000t\000a\000i\000l\000e\000d\000\040\000D\000e\000s\000c\000r\000i\000p\000t\000i\000o\000n}{section.10.43}
\BOOKMARK [1][-]{section.10.44}{\376\377\000c\000F\000i\000l\000e\000H\000a\000n\000d\000l\000e\000r\000\040\000C\000l\000a\000s\000s\000\040\000R\000e\000f\000e\000r\000e\000n\000c\000e}{chapter.10}
\BOOKMARK [2][-]{subsection.10.44.1}{\376\377\000D\000e\000t\000a\000i\000l\000e\000d\000\040\000D\000e\000s\000c\000r\000i\000p\000t\000i\000o\000n}{section.10.44}
\BOOKMARK [1][-]{section.10.45}{\376\377\000c\000F\000l\000o\000a\000t\000A\000t\000t\000r\000i\000b\000u\000t\000e\000S\000t\000o\000r\000e\000\040\000C\000l\000a\000s\000s\000\040\000R\000e\000f\000e\000r\000e\000n\000c\000e}{chapter.10}
\BOOKMARK [2][-]{subsection.10.45.1}{\376\377\000D\000e\000t\000a\000i\000l\000e\000d\000\040\000D\000e\000s\000c\000r\000i\000p\000t\000i\000o\000n}{section.10.45}
\BOOKMARK [1][-]{section.10.46}{\376\377\000c\000F\000l\000o\000a\000t\000U\000n\000i\000f\000o\000r\000m\000S\000t\000o\000r\000e\000\040\000C\000l\000a\000s\000s\000\040\000R\000e\000f\000e\000r\000e\000n\000c\000e}{chapter.10}
\BOOKMARK [2][-]{subsection.10.46.1}{\376\377\000D\000e\000t\000a\000i\000l\000e\000d\000\040\000D\000e\000s\000c\000r\000i\000p\000t\000i\000o\000n}{section.10.46}
\BOOKMARK [1][-]{section.10.47}{\376\377\000c\000F\000o\000n\000t\000\040\000C\000l\000a\000s\000s\000\040\000R\000e\000f\000e\000r\000e\000n\000c\000e}{chapter.10}
\BOOKMARK [2][-]{subsection.10.47.1}{\376\377\000D\000e\000t\000a\000i\000l\000e\000d\000\040\000D\000e\000s\000c\000r\000i\000p\000t\000i\000o\000n}{section.10.47}
\BOOKMARK [1][-]{section.10.48}{\376\377\000c\000F\000r\000a\000m\000e\000R\000a\000t\000e\000\040\000C\000l\000a\000s\000s\000\040\000R\000e\000f\000e\000r\000e\000n\000c\000e}{chapter.10}
\BOOKMARK [2][-]{subsection.10.48.1}{\376\377\000D\000e\000t\000a\000i\000l\000e\000d\000\040\000D\000e\000s\000c\000r\000i\000p\000t\000i\000o\000n}{section.10.48}
\BOOKMARK [1][-]{section.10.49}{\376\377\000c\000G\000r\000a\000v\000i\000t\000y\000P\000a\000r\000t\000i\000c\000l\000e\000\040\000C\000l\000a\000s\000s\000\040\000R\000e\000f\000e\000r\000e\000n\000c\000e}{chapter.10}
\BOOKMARK [2][-]{subsection.10.49.1}{\376\377\000D\000e\000t\000a\000i\000l\000e\000d\000\040\000D\000e\000s\000c\000r\000i\000p\000t\000i\000o\000n}{section.10.49}
\BOOKMARK [1][-]{section.10.50}{\376\377\000c\000I\000m\000a\000g\000e\000\040\000C\000l\000a\000s\000s\000\040\000R\000e\000f\000e\000r\000e\000n\000c\000e}{chapter.10}
\BOOKMARK [2][-]{subsection.10.50.1}{\376\377\000D\000e\000t\000a\000i\000l\000e\000d\000\040\000D\000e\000s\000c\000r\000i\000p\000t\000i\000o\000n}{section.10.50}
\BOOKMARK [1][-]{section.10.51}{\376\377\000c\000I\000m\000a\000g\000e\0003\000D\000\040\000C\000l\000a\000s\000s\000\040\000R\000e\000f\000e\000r\000e\000n\000c\000e}{chapter.10}
\BOOKMARK [2][-]{subsection.10.51.1}{\376\377\000D\000e\000t\000a\000i\000l\000e\000d\000\040\000D\000e\000s\000c\000r\000i\000p\000t\000i\000o\000n}{section.10.51}
\BOOKMARK [1][-]{section.10.52}{\376\377\000c\000I\000n\000t\000A\000t\000t\000r\000i\000b\000u\000t\000e\000S\000t\000o\000r\000e\000\040\000C\000l\000a\000s\000s\000\040\000R\000e\000f\000e\000r\000e\000n\000c\000e}{chapter.10}
\BOOKMARK [2][-]{subsection.10.52.1}{\376\377\000D\000e\000t\000a\000i\000l\000e\000d\000\040\000D\000e\000s\000c\000r\000i\000p\000t\000i\000o\000n}{section.10.52}
\BOOKMARK [1][-]{section.10.53}{\376\377\000c\000I\000n\000t\000U\000n\000i\000f\000o\000r\000m\000S\000t\000o\000r\000e\000\040\000C\000l\000a\000s\000s\000\040\000R\000e\000f\000e\000r\000e\000n\000c\000e}{chapter.10}
\BOOKMARK [2][-]{subsection.10.53.1}{\376\377\000D\000e\000t\000a\000i\000l\000e\000d\000\040\000D\000e\000s\000c\000r\000i\000p\000t\000i\000o\000n}{section.10.53}
\BOOKMARK [1][-]{section.10.54}{\376\377\000c\000K\000e\000r\000n\000e\000l\000\040\000C\000l\000a\000s\000s\000\040\000R\000e\000f\000e\000r\000e\000n\000c\000e}{chapter.10}
\BOOKMARK [2][-]{subsection.10.54.1}{\376\377\000D\000e\000t\000a\000i\000l\000e\000d\000\040\000D\000e\000s\000c\000r\000i\000p\000t\000i\000o\000n}{section.10.54}
\BOOKMARK [2][-]{subsection.10.54.2}{\376\377\000M\000e\000m\000b\000e\000r\000\040\000F\000u\000n\000c\000t\000i\000o\000n\000\040\000D\000o\000c\000u\000m\000e\000n\000t\000a\000t\000i\000o\000n}{section.10.54}
\BOOKMARK [3][-]{subsubsection.10.54.2.1}{\376\377\000F\000i\000n\000d\000P\000r\000o\000c\000e\000s\000s}{subsection.10.54.2}
\BOOKMARK [1][-]{section.10.55}{\376\377\000c\000K\000e\000y\000S\000t\000o\000r\000e\000\040\000C\000l\000a\000s\000s\000\040\000R\000e\000f\000e\000r\000e\000n\000c\000e}{chapter.10}
\BOOKMARK [2][-]{subsection.10.55.1}{\376\377\000D\000e\000t\000a\000i\000l\000e\000d\000\040\000D\000e\000s\000c\000r\000i\000p\000t\000i\000o\000n}{section.10.55}
\BOOKMARK [1][-]{section.10.56}{\376\377\000c\000L\000a\000n\000d\000s\000c\000a\000p\000e\000\040\000C\000l\000a\000s\000s\000\040\000R\000e\000f\000e\000r\000e\000n\000c\000e}{chapter.10}
\BOOKMARK [2][-]{subsection.10.56.1}{\376\377\000D\000e\000t\000a\000i\000l\000e\000d\000\040\000D\000e\000s\000c\000r\000i\000p\000t\000i\000o\000n}{section.10.56}
\BOOKMARK [1][-]{section.10.57}{\376\377\000c\000L\000a\000n\000d\000s\000c\000a\000p\000e\000M\000e\000s\000h\000F\000i\000l\000e\000\040\000C\000l\000a\000s\000s\000\040\000R\000e\000f\000e\000r\000e\000n\000c\000e}{chapter.10}
\BOOKMARK [2][-]{subsection.10.57.1}{\376\377\000D\000e\000t\000a\000i\000l\000e\000d\000\040\000D\000e\000s\000c\000r\000i\000p\000t\000i\000o\000n}{section.10.57}
\BOOKMARK [1][-]{section.10.58}{\376\377\000c\000L\000i\000g\000h\000t\000H\000a\000n\000d\000l\000e\000r\000\040\000C\000l\000a\000s\000s\000\040\000R\000e\000f\000e\000r\000e\000n\000c\000e}{chapter.10}
\BOOKMARK [2][-]{subsection.10.58.1}{\376\377\000D\000e\000t\000a\000i\000l\000e\000d\000\040\000D\000e\000s\000c\000r\000i\000p\000t\000i\000o\000n}{section.10.58}
\BOOKMARK [1][-]{section.10.59}{\376\377\000c\000L\000i\000m\000i\000t\000e\000d\000L\000i\000s\000t\000<\000\040\000c\000X\000\040\000>\000\040\000C\000l\000a\000s\000s\000\040\000T\000e\000m\000p\000l\000a\000t\000e\000\040\000R\000e\000f\000e\000r\000e\000n\000c\000e}{chapter.10}
\BOOKMARK [2][-]{subsection.10.59.1}{\376\377\000D\000e\000t\000a\000i\000l\000e\000d\000\040\000D\000e\000s\000c\000r\000i\000p\000t\000i\000o\000n}{section.10.59}
\BOOKMARK [2][-]{subsection.10.59.2}{\376\377\000M\000e\000m\000b\000e\000r\000\040\000F\000u\000n\000c\000t\000i\000o\000n\000\040\000D\000o\000c\000u\000m\000e\000n\000t\000a\000t\000i\000o\000n}{section.10.59}
\BOOKMARK [3][-]{subsubsection.10.59.2.1}{\376\377\000o\000p\000e\000r\000a\000t\000o\000r\000=}{subsection.10.59.2}
\BOOKMARK [1][-]{section.10.60}{\376\377\000c\000L\000i\000m\000i\000t\000e\000d\000P\000o\000i\000n\000t\000e\000r\000L\000i\000s\000t\000<\000\040\000c\000X\000\040\000>\000\040\000C\000l\000a\000s\000s\000\040\000T\000e\000m\000p\000l\000a\000t\000e\000\040\000R\000e\000f\000e\000r\000e\000n\000c\000e}{chapter.10}
\BOOKMARK [2][-]{subsection.10.60.1}{\376\377\000D\000e\000t\000a\000i\000l\000e\000d\000\040\000D\000e\000s\000c\000r\000i\000p\000t\000i\000o\000n}{section.10.60}
\BOOKMARK [1][-]{section.10.61}{\376\377\000c\000L\000i\000n\000e\000\040\000C\000l\000a\000s\000s\000\040\000R\000e\000f\000e\000r\000e\000n\000c\000e}{chapter.10}
\BOOKMARK [2][-]{subsection.10.61.1}{\376\377\000D\000e\000t\000a\000i\000l\000e\000d\000\040\000D\000e\000s\000c\000r\000i\000p\000t\000i\000o\000n}{section.10.61}
\BOOKMARK [1][-]{section.10.62}{\376\377\000c\000L\000i\000n\000k\000e\000d\000L\000i\000s\000t\000<\000\040\000T\000\040\000>\000\040\000C\000l\000a\000s\000s\000\040\000T\000e\000m\000p\000l\000a\000t\000e\000\040\000R\000e\000f\000e\000r\000e\000n\000c\000e}{chapter.10}
\BOOKMARK [2][-]{subsection.10.62.1}{\376\377\000D\000e\000t\000a\000i\000l\000e\000d\000\040\000D\000e\000s\000c\000r\000i\000p\000t\000i\000o\000n}{section.10.62}
\BOOKMARK [2][-]{subsection.10.62.2}{\376\377\000M\000e\000m\000b\000e\000r\000\040\000F\000u\000n\000c\000t\000i\000o\000n\000\040\000D\000o\000c\000u\000m\000e\000n\000t\000a\000t\000i\000o\000n}{section.10.62}
\BOOKMARK [3][-]{subsubsection.10.62.2.1}{\376\377\000F\000i\000n\000d}{subsection.10.62.2}
\BOOKMARK [1][-]{section.10.63}{\376\377\000c\000L\000i\000n\000k\000e\000d\000N\000o\000d\000e\000<\000\040\000T\000\040\000>\000\040\000C\000l\000a\000s\000s\000\040\000T\000e\000m\000p\000l\000a\000t\000e\000\040\000R\000e\000f\000e\000r\000e\000n\000c\000e}{chapter.10}
\BOOKMARK [2][-]{subsection.10.63.1}{\376\377\000D\000e\000t\000a\000i\000l\000e\000d\000\040\000D\000e\000s\000c\000r\000i\000p\000t\000i\000o\000n}{section.10.63}
\BOOKMARK [1][-]{section.10.64}{\376\377\000c\000M\000a\000i\000n\000T\000h\000r\000e\000a\000d\000<\000\040\000c\000X\000,\000\040\000c\000S\000\040\000>\000\040\000C\000l\000a\000s\000s\000\040\000T\000e\000m\000p\000l\000a\000t\000e\000\040\000R\000e\000f\000e\000r\000e\000n\000c\000e}{chapter.10}
\BOOKMARK [2][-]{subsection.10.64.1}{\376\377\000D\000e\000t\000a\000i\000l\000e\000d\000\040\000D\000e\000s\000c\000r\000i\000p\000t\000i\000o\000n}{section.10.64}
\BOOKMARK [1][-]{section.10.65}{\376\377\000c\000M\000a\000t\000e\000r\000i\000a\000l\000\040\000C\000l\000a\000s\000s\000\040\000R\000e\000f\000e\000r\000e\000n\000c\000e}{chapter.10}
\BOOKMARK [2][-]{subsection.10.65.1}{\376\377\000D\000e\000t\000a\000i\000l\000e\000d\000\040\000D\000e\000s\000c\000r\000i\000p\000t\000i\000o\000n}{section.10.65}
\BOOKMARK [1][-]{section.10.66}{\376\377\000c\000M\000a\000t\000r\000i\000x\0004\000\040\000C\000l\000a\000s\000s\000\040\000R\000e\000f\000e\000r\000e\000n\000c\000e}{chapter.10}
\BOOKMARK [2][-]{subsection.10.66.1}{\376\377\000D\000e\000t\000a\000i\000l\000e\000d\000\040\000D\000e\000s\000c\000r\000i\000p\000t\000i\000o\000n}{section.10.66}
\BOOKMARK [1][-]{section.10.67}{\376\377\000c\000M\000a\000t\000r\000i\000x\000S\000t\000a\000c\000k\000\040\000C\000l\000a\000s\000s\000\040\000R\000e\000f\000e\000r\000e\000n\000c\000e}{chapter.10}
\BOOKMARK [2][-]{subsection.10.67.1}{\376\377\000D\000e\000t\000a\000i\000l\000e\000d\000\040\000D\000e\000s\000c\000r\000i\000p\000t\000i\000o\000n}{section.10.67}
\BOOKMARK [1][-]{section.10.68}{\376\377\000c\000M\000e\000s\000h\000\040\000C\000l\000a\000s\000s\000\040\000R\000e\000f\000e\000r\000e\000n\000c\000e}{chapter.10}
\BOOKMARK [2][-]{subsection.10.68.1}{\376\377\000D\000e\000t\000a\000i\000l\000e\000d\000\040\000D\000e\000s\000c\000r\000i\000p\000t\000i\000o\000n}{section.10.68}
\BOOKMARK [1][-]{section.10.69}{\376\377\000c\000M\000e\000s\000h\000A\000r\000r\000a\000y\000\040\000C\000l\000a\000s\000s\000\040\000R\000e\000f\000e\000r\000e\000n\000c\000e}{chapter.10}
\BOOKMARK [2][-]{subsection.10.69.1}{\376\377\000D\000e\000t\000a\000i\000l\000e\000d\000\040\000D\000e\000s\000c\000r\000i\000p\000t\000i\000o\000n}{section.10.69}
\BOOKMARK [1][-]{section.10.70}{\376\377\000c\000M\000e\000s\000h\000C\000o\000l\000l\000i\000s\000i\000o\000n\000\040\000C\000l\000a\000s\000s\000\040\000R\000e\000f\000e\000r\000e\000n\000c\000e}{chapter.10}
\BOOKMARK [2][-]{subsection.10.70.1}{\376\377\000D\000e\000t\000a\000i\000l\000e\000d\000\040\000D\000e\000s\000c\000r\000i\000p\000t\000i\000o\000n}{section.10.70}
\BOOKMARK [2][-]{subsection.10.70.2}{\376\377\000M\000e\000m\000b\000e\000r\000\040\000F\000u\000n\000c\000t\000i\000o\000n\000\040\000D\000o\000c\000u\000m\000e\000n\000t\000a\000t\000i\000o\000n}{section.10.70}
\BOOKMARK [3][-]{subsubsection.10.70.2.1}{\376\377\000B\000u\000i\000l\000d\000O\000b\000j\000e\000c\000t}{subsection.10.70.2}
\BOOKMARK [1][-]{section.10.71}{\376\377\000c\000M\000e\000s\000h\000F\000i\000l\000e\000C\000o\000l\000l\000i\000s\000i\000o\000n\000\040\000C\000l\000a\000s\000s\000\040\000R\000e\000f\000e\000r\000e\000n\000c\000e}{chapter.10}
\BOOKMARK [2][-]{subsection.10.71.1}{\376\377\000D\000e\000t\000a\000i\000l\000e\000d\000\040\000D\000e\000s\000c\000r\000i\000p\000t\000i\000o\000n}{section.10.71}
\BOOKMARK [1][-]{section.10.72}{\376\377\000c\000M\000e\000s\000h\000T\000r\000e\000e\000\040\000C\000l\000a\000s\000s\000\040\000R\000e\000f\000e\000r\000e\000n\000c\000e}{chapter.10}
\BOOKMARK [2][-]{subsection.10.72.1}{\376\377\000D\000e\000t\000a\000i\000l\000e\000d\000\040\000D\000e\000s\000c\000r\000i\000p\000t\000i\000o\000n}{section.10.72}
\BOOKMARK [1][-]{section.10.73}{\376\377\000c\000M\000e\000s\000h\000T\000r\000e\000e\000A\000r\000r\000a\000y\000\040\000C\000l\000a\000s\000s\000\040\000R\000e\000f\000e\000r\000e\000n\000c\000e}{chapter.10}
\BOOKMARK [2][-]{subsection.10.73.1}{\376\377\000D\000e\000t\000a\000i\000l\000e\000d\000\040\000D\000e\000s\000c\000r\000i\000p\000t\000i\000o\000n}{section.10.73}
\BOOKMARK [1][-]{section.10.74}{\376\377\000c\000M\000e\000s\000h\000T\000r\000e\000e\000N\000o\000d\000e\000\040\000C\000l\000a\000s\000s\000\040\000R\000e\000f\000e\000r\000e\000n\000c\000e}{chapter.10}
\BOOKMARK [2][-]{subsection.10.74.1}{\376\377\000D\000e\000t\000a\000i\000l\000e\000d\000\040\000D\000e\000s\000c\000r\000i\000p\000t\000i\000o\000n}{section.10.74}
\BOOKMARK [1][-]{section.10.75}{\376\377\000c\000M\000i\000n\000L\000L\000<\000\040\000T\000\040\000>\000\040\000C\000l\000a\000s\000s\000\040\000T\000e\000m\000p\000l\000a\000t\000e\000\040\000R\000e\000f\000e\000r\000e\000n\000c\000e}{chapter.10}
\BOOKMARK [2][-]{subsection.10.75.1}{\376\377\000D\000e\000t\000a\000i\000l\000e\000d\000\040\000D\000e\000s\000c\000r\000i\000p\000t\000i\000o\000n}{section.10.75}
\BOOKMARK [1][-]{section.10.76}{\376\377\000c\000M\000i\000n\000L\000N\000<\000\040\000T\000\040\000>\000\040\000C\000l\000a\000s\000s\000\040\000T\000e\000m\000p\000l\000a\000t\000e\000\040\000R\000e\000f\000e\000r\000e\000n\000c\000e}{chapter.10}
\BOOKMARK [2][-]{subsection.10.76.1}{\376\377\000D\000e\000t\000a\000i\000l\000e\000d\000\040\000D\000e\000s\000c\000r\000i\000p\000t\000i\000o\000n}{section.10.76}
\BOOKMARK [1][-]{section.10.77}{\376\377\000c\000m\000L\000a\000n\000d\000s\000c\000a\000p\000e\000\040\000C\000l\000a\000s\000s\000\040\000R\000e\000f\000e\000r\000e\000n\000c\000e}{chapter.10}
\BOOKMARK [2][-]{subsection.10.77.1}{\376\377\000D\000e\000t\000a\000i\000l\000e\000d\000\040\000D\000e\000s\000c\000r\000i\000p\000t\000i\000o\000n}{section.10.77}
\BOOKMARK [2][-]{subsection.10.77.2}{\376\377\000C\000o\000n\000s\000t\000r\000u\000c\000t\000o\000r\000\040\000\046\000\040\000D\000e\000s\000t\000r\000u\000c\000t\000o\000r\000\040\000D\000o\000c\000u\000m\000e\000n\000t\000a\000t\000i\000o\000n}{section.10.77}
\BOOKMARK [3][-]{subsubsection.10.77.2.1}{\376\377\000c\000m\000L\000a\000n\000d\000s\000c\000a\000p\000e}{subsection.10.77.2}
\BOOKMARK [3][-]{subsubsection.10.77.2.2}{\376\377\000c\000m\000L\000a\000n\000d\000s\000c\000a\000p\000e}{subsection.10.77.2}
\BOOKMARK [1][-]{section.10.78}{\376\377\000c\000m\000L\000a\000n\000d\000s\000c\000a\000p\000e\000A\000r\000r\000a\000y\000\040\000C\000l\000a\000s\000s\000\040\000R\000e\000f\000e\000r\000e\000n\000c\000e}{chapter.10}
\BOOKMARK [2][-]{subsection.10.78.1}{\376\377\000D\000e\000t\000a\000i\000l\000e\000d\000\040\000D\000e\000s\000c\000r\000i\000p\000t\000i\000o\000n}{section.10.78}
\BOOKMARK [1][-]{section.10.79}{\376\377\000c\000M\000o\000d\000e\000l\000\040\000C\000l\000a\000s\000s\000\040\000R\000e\000f\000e\000r\000e\000n\000c\000e}{chapter.10}
\BOOKMARK [2][-]{subsection.10.79.1}{\376\377\000D\000e\000t\000a\000i\000l\000e\000d\000\040\000D\000e\000s\000c\000r\000i\000p\000t\000i\000o\000n}{section.10.79}
\BOOKMARK [1][-]{section.10.80}{\376\377\000c\000M\000o\000m\000e\000n\000t\000u\000m\000\040\000C\000l\000a\000s\000s\000\040\000R\000e\000f\000e\000r\000e\000n\000c\000e}{chapter.10}
\BOOKMARK [2][-]{subsection.10.80.1}{\376\377\000D\000e\000t\000a\000i\000l\000e\000d\000\040\000D\000e\000s\000c\000r\000i\000p\000t\000i\000o\000n}{section.10.80}
\BOOKMARK [1][-]{section.10.81}{\376\377\000c\000M\000o\000u\000s\000e\000\040\000C\000l\000a\000s\000s\000\040\000R\000e\000f\000e\000r\000e\000n\000c\000e}{chapter.10}
\BOOKMARK [2][-]{subsection.10.81.1}{\376\377\000D\000e\000t\000a\000i\000l\000e\000d\000\040\000D\000e\000s\000c\000r\000i\000p\000t\000i\000o\000n}{section.10.81}
\BOOKMARK [1][-]{section.10.82}{\376\377\000c\000N\000o\000d\000e\000L\000i\000s\000t\000\040\000C\000l\000a\000s\000s\000\040\000R\000e\000f\000e\000r\000e\000n\000c\000e}{chapter.10}
\BOOKMARK [2][-]{subsection.10.82.1}{\376\377\000D\000e\000t\000a\000i\000l\000e\000d\000\040\000D\000e\000s\000c\000r\000i\000p\000t\000i\000o\000n}{section.10.82}
\BOOKMARK [2][-]{subsection.10.82.2}{\376\377\000C\000o\000n\000s\000t\000r\000u\000c\000t\000o\000r\000\040\000\046\000\040\000D\000e\000s\000t\000r\000u\000c\000t\000o\000r\000\040\000D\000o\000c\000u\000m\000e\000n\000t\000a\000t\000i\000o\000n}{section.10.82}
\BOOKMARK [3][-]{subsubsection.10.82.2.1}{\376\377\000c\000N\000o\000d\000e\000L\000i\000s\000t}{subsection.10.82.2}
\BOOKMARK [3][-]{subsubsection.10.82.2.2}{\376\377\000c\000N\000o\000d\000e\000L\000i\000s\000t}{subsection.10.82.2}
\BOOKMARK [2][-]{subsection.10.82.3}{\376\377\000M\000e\000m\000b\000e\000r\000\040\000F\000u\000n\000c\000t\000i\000o\000n\000\040\000D\000o\000c\000u\000m\000e\000n\000t\000a\000t\000i\000o\000n}{section.10.82}
\BOOKMARK [3][-]{subsubsection.10.82.3.1}{\376\377\000S\000e\000t\000L\000e\000v\000e\000l}{subsection.10.82.3}
\BOOKMARK [1][-]{section.10.83}{\376\377\000c\000N\000o\000d\000e\000L\000i\000s\000t\000N\000o\000d\000e\000\040\000C\000l\000a\000s\000s\000\040\000R\000e\000f\000e\000r\000e\000n\000c\000e}{chapter.10}
\BOOKMARK [2][-]{subsection.10.83.1}{\376\377\000D\000e\000t\000a\000i\000l\000e\000d\000\040\000D\000e\000s\000c\000r\000i\000p\000t\000i\000o\000n}{section.10.83}
\BOOKMARK [1][-]{section.10.84}{\376\377\000c\000P\000a\000r\000e\000n\000t\000S\000t\000a\000c\000k\000\040\000C\000l\000a\000s\000s\000\040\000R\000e\000f\000e\000r\000e\000n\000c\000e}{chapter.10}
\BOOKMARK [2][-]{subsection.10.84.1}{\376\377\000D\000e\000t\000a\000i\000l\000e\000d\000\040\000D\000e\000s\000c\000r\000i\000p\000t\000i\000o\000n}{section.10.84}
\BOOKMARK [1][-]{section.10.85}{\376\377\000c\000P\000a\000r\000t\000i\000c\000l\000e\000\040\000C\000l\000a\000s\000s\000\040\000R\000e\000f\000e\000r\000e\000n\000c\000e}{chapter.10}
\BOOKMARK [2][-]{subsection.10.85.1}{\376\377\000D\000e\000t\000a\000i\000l\000e\000d\000\040\000D\000e\000s\000c\000r\000i\000p\000t\000i\000o\000n}{section.10.85}
\BOOKMARK [1][-]{section.10.86}{\376\377\000c\000P\000a\000r\000t\000i\000c\000l\000e\000H\000a\000n\000d\000l\000e\000r\000\040\000C\000l\000a\000s\000s\000\040\000R\000e\000f\000e\000r\000e\000n\000c\000e}{chapter.10}
\BOOKMARK [2][-]{subsection.10.86.1}{\376\377\000D\000e\000t\000a\000i\000l\000e\000d\000\040\000D\000e\000s\000c\000r\000i\000p\000t\000i\000o\000n}{section.10.86}
\BOOKMARK [1][-]{section.10.87}{\376\377\000c\000P\000e\000r\000s\000p\000e\000c\000t\000i\000v\000e\000C\000o\000n\000t\000r\000o\000l\000\040\000C\000l\000a\000s\000s\000\040\000R\000e\000f\000e\000r\000e\000n\000c\000e}{chapter.10}
\BOOKMARK [2][-]{subsection.10.87.1}{\376\377\000D\000e\000t\000a\000i\000l\000e\000d\000\040\000D\000e\000s\000c\000r\000i\000p\000t\000i\000o\000n}{section.10.87}
\BOOKMARK [1][-]{section.10.88}{\376\377\000c\000P\000l\000a\000n\000e\000\040\000C\000l\000a\000s\000s\000\040\000R\000e\000f\000e\000r\000e\000n\000c\000e}{chapter.10}
\BOOKMARK [2][-]{subsection.10.88.1}{\376\377\000D\000e\000t\000a\000i\000l\000e\000d\000\040\000D\000e\000s\000c\000r\000i\000p\000t\000i\000o\000n}{section.10.88}
\BOOKMARK [1][-]{section.10.89}{\376\377\000c\000P\000l\000a\000n\000e\000L\000i\000s\000t\000\040\000C\000l\000a\000s\000s\000\040\000R\000e\000f\000e\000r\000e\000n\000c\000e}{chapter.10}
\BOOKMARK [2][-]{subsection.10.89.1}{\376\377\000D\000e\000t\000a\000i\000l\000e\000d\000\040\000D\000e\000s\000c\000r\000i\000p\000t\000i\000o\000n}{section.10.89}
\BOOKMARK [1][-]{section.10.90}{\376\377\000c\000P\000o\000i\000n\000t\000\040\000C\000l\000a\000s\000s\000\040\000R\000e\000f\000e\000r\000e\000n\000c\000e}{chapter.10}
\BOOKMARK [2][-]{subsection.10.90.1}{\376\377\000D\000e\000t\000a\000i\000l\000e\000d\000\040\000D\000e\000s\000c\000r\000i\000p\000t\000i\000o\000n}{section.10.90}
\BOOKMARK [1][-]{section.10.91}{\376\377\000c\000P\000o\000l\000y\000g\000o\000n\000\040\000C\000l\000a\000s\000s\000\040\000R\000e\000f\000e\000r\000e\000n\000c\000e}{chapter.10}
\BOOKMARK [2][-]{subsection.10.91.1}{\376\377\000D\000e\000t\000a\000i\000l\000e\000d\000\040\000D\000e\000s\000c\000r\000i\000p\000t\000i\000o\000n}{section.10.91}
\BOOKMARK [1][-]{section.10.92}{\376\377\000c\000P\000o\000l\000y\000g\000o\000n\000L\000i\000s\000t\000\040\000C\000l\000a\000s\000s\000\040\000R\000e\000f\000e\000r\000e\000n\000c\000e}{chapter.10}
\BOOKMARK [2][-]{subsection.10.92.1}{\376\377\000D\000e\000t\000a\000i\000l\000e\000d\000\040\000D\000e\000s\000c\000r\000i\000p\000t\000i\000o\000n}{section.10.92}
\BOOKMARK [1][-]{section.10.93}{\376\377\000c\000P\000r\000e\000d\000i\000c\000t\000i\000v\000e\000A\000i\000m\000i\000n\000g\000\040\000C\000l\000a\000s\000s\000\040\000R\000e\000f\000e\000r\000e\000n\000c\000e}{chapter.10}
\BOOKMARK [2][-]{subsection.10.93.1}{\376\377\000D\000e\000t\000a\000i\000l\000e\000d\000\040\000D\000e\000s\000c\000r\000i\000p\000t\000i\000o\000n}{section.10.93}
\BOOKMARK [1][-]{section.10.94}{\376\377\000c\000P\000r\000e\000d\000i\000c\000t\000i\000v\000e\000T\000r\000a\000c\000k\000i\000n\000g\000\040\000C\000l\000a\000s\000s\000\040\000R\000e\000f\000e\000r\000e\000n\000c\000e}{chapter.10}
\BOOKMARK [2][-]{subsection.10.94.1}{\376\377\000D\000e\000t\000a\000i\000l\000e\000d\000\040\000D\000e\000s\000c\000r\000i\000p\000t\000i\000o\000n}{section.10.94}
\BOOKMARK [1][-]{section.10.95}{\376\377\000c\000P\000r\000o\000c\000e\000s\000s\000\040\000C\000l\000a\000s\000s\000\040\000R\000e\000f\000e\000r\000e\000n\000c\000e}{chapter.10}
\BOOKMARK [2][-]{subsection.10.95.1}{\376\377\000D\000e\000t\000a\000i\000l\000e\000d\000\040\000D\000e\000s\000c\000r\000i\000p\000t\000i\000o\000n}{section.10.95}
\BOOKMARK [2][-]{subsection.10.95.2}{\376\377\000C\000o\000n\000s\000t\000r\000u\000c\000t\000o\000r\000\040\000\046\000\040\000D\000e\000s\000t\000r\000u\000c\000t\000o\000r\000\040\000D\000o\000c\000u\000m\000e\000n\000t\000a\000t\000i\000o\000n}{section.10.95}
\BOOKMARK [3][-]{subsubsection.10.95.2.1}{\376\377\000c\000P\000r\000o\000c\000e\000s\000s}{subsection.10.95.2}
\BOOKMARK [2][-]{subsection.10.95.3}{\376\377\000M\000e\000m\000b\000e\000r\000\040\000F\000u\000n\000c\000t\000i\000o\000n\000\040\000D\000o\000c\000u\000m\000e\000n\000t\000a\000t\000i\000o\000n}{section.10.95}
\BOOKMARK [3][-]{subsubsection.10.95.3.1}{\376\377\000S\000i\000g\000n\000a\000l}{subsection.10.95.3}
\BOOKMARK [3][-]{subsubsection.10.95.3.2}{\376\377\000U\000s\000e\000r\000S\000i\000g\000n\000a\000l}{subsection.10.95.3}
\BOOKMARK [1][-]{section.10.96}{\376\377\000c\000R\000a\000y\000C\000o\000l\000l\000i\000s\000i\000o\000n\000\040\000C\000l\000a\000s\000s\000\040\000R\000e\000f\000e\000r\000e\000n\000c\000e}{chapter.10}
\BOOKMARK [2][-]{subsection.10.96.1}{\376\377\000D\000e\000t\000a\000i\000l\000e\000d\000\040\000D\000e\000s\000c\000r\000i\000p\000t\000i\000o\000n}{section.10.96}
\BOOKMARK [1][-]{section.10.97}{\376\377\000c\000R\000e\000f\000e\000r\000e\000n\000c\000e\000L\000i\000s\000t\000\040\000C\000l\000a\000s\000s\000\040\000R\000e\000f\000e\000r\000e\000n\000c\000e}{chapter.10}
\BOOKMARK [2][-]{subsection.10.97.1}{\376\377\000D\000e\000t\000a\000i\000l\000e\000d\000\040\000D\000e\000s\000c\000r\000i\000p\000t\000i\000o\000n}{section.10.97}
\BOOKMARK [1][-]{section.10.98}{\376\377\000c\000R\000e\000n\000d\000e\000r\000N\000o\000d\000e\000\040\000C\000l\000a\000s\000s\000\040\000R\000e\000f\000e\000r\000e\000n\000c\000e}{chapter.10}
\BOOKMARK [2][-]{subsection.10.98.1}{\376\377\000D\000e\000t\000a\000i\000l\000e\000d\000\040\000D\000e\000s\000c\000r\000i\000p\000t\000i\000o\000n}{section.10.98}
\BOOKMARK [1][-]{section.10.99}{\376\377\000c\000R\000e\000n\000d\000e\000r\000O\000b\000j\000e\000c\000t\000\040\000C\000l\000a\000s\000s\000\040\000R\000e\000f\000e\000r\000e\000n\000c\000e}{chapter.10}
\BOOKMARK [2][-]{subsection.10.99.1}{\376\377\000D\000e\000t\000a\000i\000l\000e\000d\000\040\000D\000e\000s\000c\000r\000i\000p\000t\000i\000o\000n}{section.10.99}
\BOOKMARK [2][-]{subsection.10.99.2}{\376\377\000M\000e\000m\000b\000e\000r\000\040\000F\000u\000n\000c\000t\000i\000o\000n\000\040\000D\000o\000c\000u\000m\000e\000n\000t\000a\000t\000i\000o\000n}{section.10.99}
\BOOKMARK [3][-]{subsubsection.10.99.2.1}{\376\377\000A\000d\000d\000T\000e\000x\000t\000u\000r\000e}{subsection.10.99.2}
\BOOKMARK [3][-]{subsubsection.10.99.2.2}{\376\377\000A\000d\000d\000T\000e\000x\000t\000u\000r\000e}{subsection.10.99.2}
\BOOKMARK [1][-]{section.10.100}{\376\377\000c\000R\000e\000n\000d\000e\000r\000P\000o\000i\000n\000t\000e\000r\000\040\000C\000l\000a\000s\000s\000\040\000R\000e\000f\000e\000r\000e\000n\000c\000e}{chapter.10}
\BOOKMARK [2][-]{subsection.10.100.1}{\376\377\000D\000e\000t\000a\000i\000l\000e\000d\000\040\000D\000e\000s\000c\000r\000i\000p\000t\000i\000o\000n}{section.10.100}
\BOOKMARK [1][-]{section.10.101}{\376\377\000c\000R\000G\000B\000\040\000C\000l\000a\000s\000s\000\040\000R\000e\000f\000e\000r\000e\000n\000c\000e}{chapter.10}
\BOOKMARK [2][-]{subsection.10.101.1}{\376\377\000D\000e\000t\000a\000i\000l\000e\000d\000\040\000D\000e\000s\000c\000r\000i\000p\000t\000i\000o\000n}{section.10.101}
\BOOKMARK [1][-]{section.10.102}{\376\377\000c\000R\000G\000B\000A\000\040\000C\000l\000a\000s\000s\000\040\000R\000e\000f\000e\000r\000e\000n\000c\000e}{chapter.10}
\BOOKMARK [2][-]{subsection.10.102.1}{\376\377\000D\000e\000t\000a\000i\000l\000e\000d\000\040\000D\000e\000s\000c\000r\000i\000p\000t\000i\000o\000n}{section.10.102}
\BOOKMARK [1][-]{section.10.103}{\376\377\000c\000S\000h\000a\000d\000e\000r\000P\000r\000o\000g\000r\000a\000m\000\040\000C\000l\000a\000s\000s\000\040\000R\000e\000f\000e\000r\000e\000n\000c\000e}{chapter.10}
\BOOKMARK [2][-]{subsection.10.103.1}{\376\377\000D\000e\000t\000a\000i\000l\000e\000d\000\040\000D\000e\000s\000c\000r\000i\000p\000t\000i\000o\000n}{section.10.103}
\BOOKMARK [1][-]{section.10.104}{\376\377\000c\000S\000i\000g\000n\000a\000l\000\040\000C\000l\000a\000s\000s\000\040\000R\000e\000f\000e\000r\000e\000n\000c\000e}{chapter.10}
\BOOKMARK [2][-]{subsection.10.104.1}{\376\377\000D\000e\000t\000a\000i\000l\000e\000d\000\040\000D\000e\000s\000c\000r\000i\000p\000t\000i\000o\000n}{section.10.104}
\BOOKMARK [1][-]{section.10.105}{\376\377\000c\000S\000i\000m\000p\000l\000e\000x\000N\000o\000i\000s\000e\000\040\000C\000l\000a\000s\000s\000\040\000R\000e\000f\000e\000r\000e\000n\000c\000e}{chapter.10}
\BOOKMARK [2][-]{subsection.10.105.1}{\376\377\000D\000e\000t\000a\000i\000l\000e\000d\000\040\000D\000e\000s\000c\000r\000i\000p\000t\000i\000o\000n}{section.10.105}
\BOOKMARK [2][-]{subsection.10.105.2}{\376\377\000M\000e\000m\000b\000e\000r\000\040\000F\000u\000n\000c\000t\000i\000o\000n\000\040\000D\000o\000c\000u\000m\000e\000n\000t\000a\000t\000i\000o\000n}{section.10.105}
\BOOKMARK [3][-]{subsubsection.10.105.2.1}{\376\377\000N\000o\000i\000s\000e}{subsection.10.105.2}
\BOOKMARK [3][-]{subsubsection.10.105.2.2}{\376\377\000N\000o\000i\000s\000e}{subsection.10.105.2}
\BOOKMARK [1][-]{section.10.106}{\376\377\000c\000S\000p\000h\000e\000r\000e\000C\000o\000l\000l\000i\000s\000i\000o\000n\000\040\000C\000l\000a\000s\000s\000\040\000R\000e\000f\000e\000r\000e\000n\000c\000e}{chapter.10}
\BOOKMARK [2][-]{subsection.10.106.1}{\376\377\000D\000e\000t\000a\000i\000l\000e\000d\000\040\000D\000e\000s\000c\000r\000i\000p\000t\000i\000o\000n}{section.10.106}
\BOOKMARK [1][-]{section.10.107}{\376\377\000c\000S\000y\000n\000c\000\040\000C\000l\000a\000s\000s\000\040\000R\000e\000f\000e\000r\000e\000n\000c\000e}{chapter.10}
\BOOKMARK [2][-]{subsection.10.107.1}{\376\377\000D\000e\000t\000a\000i\000l\000e\000d\000\040\000D\000e\000s\000c\000r\000i\000p\000t\000i\000o\000n}{section.10.107}
\BOOKMARK [1][-]{section.10.108}{\376\377\000c\000T\000B\000N\000V\000e\000c\000t\000o\000r\000s\000\040\000C\000l\000a\000s\000s\000\040\000R\000e\000f\000e\000r\000e\000n\000c\000e}{chapter.10}
\BOOKMARK [2][-]{subsection.10.108.1}{\376\377\000D\000e\000t\000a\000i\000l\000e\000d\000\040\000D\000e\000s\000c\000r\000i\000p\000t\000i\000o\000n}{section.10.108}
\BOOKMARK [1][-]{section.10.109}{\376\377\000c\000T\000e\000x\000t\000\040\000C\000l\000a\000s\000s\000\040\000R\000e\000f\000e\000r\000e\000n\000c\000e}{chapter.10}
\BOOKMARK [2][-]{subsection.10.109.1}{\376\377\000D\000e\000t\000a\000i\000l\000e\000d\000\040\000D\000e\000s\000c\000r\000i\000p\000t\000i\000o\000n}{section.10.109}
\BOOKMARK [1][-]{section.10.110}{\376\377\000c\000T\000e\000x\000t\000B\000u\000t\000t\000o\000n\000\040\000C\000l\000a\000s\000s\000\040\000R\000e\000f\000e\000r\000e\000n\000c\000e}{chapter.10}
\BOOKMARK [2][-]{subsection.10.110.1}{\376\377\000D\000e\000t\000a\000i\000l\000e\000d\000\040\000D\000e\000s\000c\000r\000i\000p\000t\000i\000o\000n}{section.10.110}
\BOOKMARK [1][-]{section.10.111}{\376\377\000c\000T\000e\000x\000t\000u\000r\000e\000\040\000C\000l\000a\000s\000s\000\040\000R\000e\000f\000e\000r\000e\000n\000c\000e}{chapter.10}
\BOOKMARK [2][-]{subsection.10.111.1}{\376\377\000D\000e\000t\000a\000i\000l\000e\000d\000\040\000D\000e\000s\000c\000r\000i\000p\000t\000i\000o\000n}{section.10.111}
\BOOKMARK [1][-]{section.10.112}{\376\377\000c\000U\000n\000i\000f\000o\000r\000m\000B\000o\000o\000l\000e\000a\000n\000V\000e\000c\000t\000o\000r\0001\000\040\000C\000l\000a\000s\000s\000\040\000R\000e\000f\000e\000r\000e\000n\000c\000e}{chapter.10}
\BOOKMARK [2][-]{subsection.10.112.1}{\376\377\000D\000e\000t\000a\000i\000l\000e\000d\000\040\000D\000e\000s\000c\000r\000i\000p\000t\000i\000o\000n}{section.10.112}
\BOOKMARK [1][-]{section.10.113}{\376\377\000c\000U\000n\000i\000f\000o\000r\000m\000B\000o\000o\000l\000e\000a\000n\000V\000e\000c\000t\000o\000r\0002\000\040\000C\000l\000a\000s\000s\000\040\000R\000e\000f\000e\000r\000e\000n\000c\000e}{chapter.10}
\BOOKMARK [2][-]{subsection.10.113.1}{\376\377\000D\000e\000t\000a\000i\000l\000e\000d\000\040\000D\000e\000s\000c\000r\000i\000p\000t\000i\000o\000n}{section.10.113}
\BOOKMARK [1][-]{section.10.114}{\376\377\000c\000U\000n\000i\000f\000o\000r\000m\000B\000o\000o\000l\000e\000a\000n\000V\000e\000c\000t\000o\000r\0003\000\040\000C\000l\000a\000s\000s\000\040\000R\000e\000f\000e\000r\000e\000n\000c\000e}{chapter.10}
\BOOKMARK [2][-]{subsection.10.114.1}{\376\377\000D\000e\000t\000a\000i\000l\000e\000d\000\040\000D\000e\000s\000c\000r\000i\000p\000t\000i\000o\000n}{section.10.114}
\BOOKMARK [1][-]{section.10.115}{\376\377\000c\000U\000n\000i\000f\000o\000r\000m\000B\000o\000o\000l\000e\000a\000n\000V\000e\000c\000t\000o\000r\0004\000\040\000C\000l\000a\000s\000s\000\040\000R\000e\000f\000e\000r\000e\000n\000c\000e}{chapter.10}
\BOOKMARK [2][-]{subsection.10.115.1}{\376\377\000D\000e\000t\000a\000i\000l\000e\000d\000\040\000D\000e\000s\000c\000r\000i\000p\000t\000i\000o\000n}{section.10.115}
\BOOKMARK [1][-]{section.10.116}{\376\377\000c\000U\000n\000i\000f\000o\000r\000m\000I\000n\000t\000V\000e\000c\000t\000o\000r\0001\000\040\000C\000l\000a\000s\000s\000\040\000R\000e\000f\000e\000r\000e\000n\000c\000e}{chapter.10}
\BOOKMARK [2][-]{subsection.10.116.1}{\376\377\000D\000e\000t\000a\000i\000l\000e\000d\000\040\000D\000e\000s\000c\000r\000i\000p\000t\000i\000o\000n}{section.10.116}
\BOOKMARK [1][-]{section.10.117}{\376\377\000c\000U\000n\000i\000f\000o\000r\000m\000I\000n\000t\000V\000e\000c\000t\000o\000r\0002\000\040\000C\000l\000a\000s\000s\000\040\000R\000e\000f\000e\000r\000e\000n\000c\000e}{chapter.10}
\BOOKMARK [2][-]{subsection.10.117.1}{\376\377\000D\000e\000t\000a\000i\000l\000e\000d\000\040\000D\000e\000s\000c\000r\000i\000p\000t\000i\000o\000n}{section.10.117}
\BOOKMARK [1][-]{section.10.118}{\376\377\000c\000U\000n\000i\000f\000o\000r\000m\000I\000n\000t\000V\000e\000c\000t\000o\000r\0003\000\040\000C\000l\000a\000s\000s\000\040\000R\000e\000f\000e\000r\000e\000n\000c\000e}{chapter.10}
\BOOKMARK [2][-]{subsection.10.118.1}{\376\377\000D\000e\000t\000a\000i\000l\000e\000d\000\040\000D\000e\000s\000c\000r\000i\000p\000t\000i\000o\000n}{section.10.118}
\BOOKMARK [1][-]{section.10.119}{\376\377\000c\000U\000n\000i\000f\000o\000r\000m\000I\000n\000t\000V\000e\000c\000t\000o\000r\0004\000\040\000C\000l\000a\000s\000s\000\040\000R\000e\000f\000e\000r\000e\000n\000c\000e}{chapter.10}
\BOOKMARK [2][-]{subsection.10.119.1}{\376\377\000D\000e\000t\000a\000i\000l\000e\000d\000\040\000D\000e\000s\000c\000r\000i\000p\000t\000i\000o\000n}{section.10.119}
\BOOKMARK [1][-]{section.10.120}{\376\377\000c\000U\000n\000i\000f\000o\000r\000m\000M\000a\000t\000r\000i\000x\0002\000\040\000C\000l\000a\000s\000s\000\040\000R\000e\000f\000e\000r\000e\000n\000c\000e}{chapter.10}
\BOOKMARK [2][-]{subsection.10.120.1}{\376\377\000D\000e\000t\000a\000i\000l\000e\000d\000\040\000D\000e\000s\000c\000r\000i\000p\000t\000i\000o\000n}{section.10.120}
\BOOKMARK [1][-]{section.10.121}{\376\377\000c\000U\000n\000i\000f\000o\000r\000m\000M\000a\000t\000r\000i\000x\0003\000\040\000C\000l\000a\000s\000s\000\040\000R\000e\000f\000e\000r\000e\000n\000c\000e}{chapter.10}
\BOOKMARK [2][-]{subsection.10.121.1}{\376\377\000D\000e\000t\000a\000i\000l\000e\000d\000\040\000D\000e\000s\000c\000r\000i\000p\000t\000i\000o\000n}{section.10.121}
\BOOKMARK [1][-]{section.10.122}{\376\377\000c\000U\000n\000i\000f\000o\000r\000m\000M\000a\000t\000r\000i\000x\0004\000\040\000C\000l\000a\000s\000s\000\040\000R\000e\000f\000e\000r\000e\000n\000c\000e}{chapter.10}
\BOOKMARK [2][-]{subsection.10.122.1}{\376\377\000D\000e\000t\000a\000i\000l\000e\000d\000\040\000D\000e\000s\000c\000r\000i\000p\000t\000i\000o\000n}{section.10.122}
\BOOKMARK [1][-]{section.10.123}{\376\377\000c\000U\000n\000i\000f\000o\000r\000m\000S\000t\000o\000r\000e\000\040\000C\000l\000a\000s\000s\000\040\000R\000e\000f\000e\000r\000e\000n\000c\000e}{chapter.10}
\BOOKMARK [2][-]{subsection.10.123.1}{\376\377\000D\000e\000t\000a\000i\000l\000e\000d\000\040\000D\000e\000s\000c\000r\000i\000p\000t\000i\000o\000n}{section.10.123}
\BOOKMARK [1][-]{section.10.124}{\376\377\000c\000U\000n\000i\000f\000o\000r\000m\000V\000e\000c\000t\000o\000r\0001\000\040\000C\000l\000a\000s\000s\000\040\000R\000e\000f\000e\000r\000e\000n\000c\000e}{chapter.10}
\BOOKMARK [2][-]{subsection.10.124.1}{\376\377\000D\000e\000t\000a\000i\000l\000e\000d\000\040\000D\000e\000s\000c\000r\000i\000p\000t\000i\000o\000n}{section.10.124}
\BOOKMARK [1][-]{section.10.125}{\376\377\000c\000U\000n\000i\000f\000o\000r\000m\000V\000e\000c\000t\000o\000r\0002\000\040\000C\000l\000a\000s\000s\000\040\000R\000e\000f\000e\000r\000e\000n\000c\000e}{chapter.10}
\BOOKMARK [2][-]{subsection.10.125.1}{\376\377\000D\000e\000t\000a\000i\000l\000e\000d\000\040\000D\000e\000s\000c\000r\000i\000p\000t\000i\000o\000n}{section.10.125}
\BOOKMARK [1][-]{section.10.126}{\376\377\000c\000U\000n\000i\000f\000o\000r\000m\000V\000e\000c\000t\000o\000r\0003\000\040\000C\000l\000a\000s\000s\000\040\000R\000e\000f\000e\000r\000e\000n\000c\000e}{chapter.10}
\BOOKMARK [2][-]{subsection.10.126.1}{\376\377\000D\000e\000t\000a\000i\000l\000e\000d\000\040\000D\000e\000s\000c\000r\000i\000p\000t\000i\000o\000n}{section.10.126}
\BOOKMARK [1][-]{section.10.127}{\376\377\000c\000U\000n\000i\000f\000o\000r\000m\000V\000e\000c\000t\000o\000r\0004\000\040\000C\000l\000a\000s\000s\000\040\000R\000e\000f\000e\000r\000e\000n\000c\000e}{chapter.10}
\BOOKMARK [2][-]{subsection.10.127.1}{\376\377\000D\000e\000t\000a\000i\000l\000e\000d\000\040\000D\000e\000s\000c\000r\000i\000p\000t\000i\000o\000n}{section.10.127}
\BOOKMARK [1][-]{section.10.128}{\376\377\000c\000U\000s\000e\000r\000S\000i\000g\000n\000a\000l\000\040\000C\000l\000a\000s\000s\000\040\000R\000e\000f\000e\000r\000e\000n\000c\000e}{chapter.10}
\BOOKMARK [2][-]{subsection.10.128.1}{\376\377\000D\000e\000t\000a\000i\000l\000e\000d\000\040\000D\000e\000s\000c\000r\000i\000p\000t\000i\000o\000n}{section.10.128}
\BOOKMARK [1][-]{section.10.129}{\376\377\000c\000U\000s\000e\000r\000V\000a\000r\000i\000a\000b\000l\000e\000\040\000C\000l\000a\000s\000s\000\040\000R\000e\000f\000e\000r\000e\000n\000c\000e}{chapter.10}
\BOOKMARK [2][-]{subsection.10.129.1}{\376\377\000D\000e\000t\000a\000i\000l\000e\000d\000\040\000D\000e\000s\000c\000r\000i\000p\000t\000i\000o\000n}{section.10.129}
\BOOKMARK [1][-]{section.10.130}{\376\377\000c\000V\000a\000r\000i\000a\000b\000l\000e\000S\000t\000o\000r\000e\000\040\000C\000l\000a\000s\000s\000\040\000R\000e\000f\000e\000r\000e\000n\000c\000e}{chapter.10}
\BOOKMARK [2][-]{subsection.10.130.1}{\376\377\000D\000e\000t\000a\000i\000l\000e\000d\000\040\000D\000e\000s\000c\000r\000i\000p\000t\000i\000o\000n}{section.10.130}
\BOOKMARK [1][-]{section.10.131}{\376\377\000c\000V\000i\000e\000w\000p\000o\000r\000t\000\040\000C\000l\000a\000s\000s\000\040\000R\000e\000f\000e\000r\000e\000n\000c\000e}{chapter.10}
\BOOKMARK [2][-]{subsection.10.131.1}{\376\377\000D\000e\000t\000a\000i\000l\000e\000d\000\040\000D\000e\000s\000c\000r\000i\000p\000t\000i\000o\000n}{section.10.131}
\BOOKMARK [1][-]{section.10.132}{\376\377\000c\000V\000i\000e\000w\000p\000o\000r\000t\000C\000o\000n\000t\000r\000o\000l\000\040\000C\000l\000a\000s\000s\000\040\000R\000e\000f\000e\000r\000e\000n\000c\000e}{chapter.10}
\BOOKMARK [2][-]{subsection.10.132.1}{\376\377\000D\000e\000t\000a\000i\000l\000e\000d\000\040\000D\000e\000s\000c\000r\000i\000p\000t\000i\000o\000n}{section.10.132}
\BOOKMARK [2][-]{subsection.10.132.2}{\376\377\000M\000e\000m\000b\000e\000r\000\040\000F\000u\000n\000c\000t\000i\000o\000n\000\040\000D\000o\000c\000u\000m\000e\000n\000t\000a\000t\000i\000o\000n}{section.10.132}
\BOOKMARK [3][-]{subsubsection.10.132.2.1}{\376\377\000C\000l\000e\000a\000r\000C\000o\000l\000o\000r}{subsection.10.132.2}
\BOOKMARK [1][-]{section.10.133}{\376\377\000c\000V\000o\000i\000d\000V\000a\000r\000i\000a\000b\000l\000e\000\040\000C\000l\000a\000s\000s\000\040\000R\000e\000f\000e\000r\000e\000n\000c\000e}{chapter.10}
\BOOKMARK [2][-]{subsection.10.133.1}{\376\377\000D\000e\000t\000a\000i\000l\000e\000d\000\040\000D\000e\000s\000c\000r\000i\000p\000t\000i\000o\000n}{section.10.133}
\BOOKMARK [1][-]{section.10.134}{\376\377\000c\000W\000i\000n\000d\000A\000n\000d\000G\000r\000a\000v\000i\000t\000y\000P\000a\000r\000t\000i\000c\000l\000e\000\040\000C\000l\000a\000s\000s\000\040\000R\000e\000f\000e\000r\000e\000n\000c\000e}{chapter.10}
\BOOKMARK [2][-]{subsection.10.134.1}{\376\377\000D\000e\000t\000a\000i\000l\000e\000d\000\040\000D\000e\000s\000c\000r\000i\000p\000t\000i\000o\000n}{section.10.134}
\BOOKMARK [1][-]{section.10.135}{\376\377\000c\000W\000i\000n\000d\000o\000w\000\040\000C\000l\000a\000s\000s\000\040\000R\000e\000f\000e\000r\000e\000n\000c\000e}{chapter.10}
\BOOKMARK [2][-]{subsection.10.135.1}{\376\377\000D\000e\000t\000a\000i\000l\000e\000d\000\040\000D\000e\000s\000c\000r\000i\000p\000t\000i\000o\000n}{section.10.135}
\BOOKMARK [1][-]{section.10.136}{\376\377\000v\0002\000D\000P\000o\000l\000y\000g\000o\000n\000\040\000C\000l\000a\000s\000s\000\040\000R\000e\000f\000e\000r\000e\000n\000c\000e}{chapter.10}
\BOOKMARK [2][-]{subsection.10.136.1}{\376\377\000D\000e\000t\000a\000i\000l\000e\000d\000\040\000D\000e\000s\000c\000r\000i\000p\000t\000i\000o\000n}{section.10.136}
\BOOKMARK [1][-]{section.10.137}{\376\377\000v\000C\000o\000l\000l\000i\000s\000i\000o\000n\000D\000a\000t\000a\000\040\000C\000l\000a\000s\000s\000\040\000R\000e\000f\000e\000r\000e\000n\000c\000e}{chapter.10}
\BOOKMARK [2][-]{subsection.10.137.1}{\376\377\000D\000e\000t\000a\000i\000l\000e\000d\000\040\000D\000e\000s\000c\000r\000i\000p\000t\000i\000o\000n}{section.10.137}
\BOOKMARK [1][-]{section.10.138}{\376\377\000v\000F\000i\000l\000e\000\040\000C\000l\000a\000s\000s\000\040\000R\000e\000f\000e\000r\000e\000n\000c\000e}{chapter.10}
\BOOKMARK [2][-]{subsection.10.138.1}{\376\377\000D\000e\000t\000a\000i\000l\000e\000d\000\040\000D\000e\000s\000c\000r\000i\000p\000t\000i\000o\000n}{section.10.138}
